<?xml version="1.0" encoding="UTF-8"?>
<testsuite xmlns:xsi="http://www.w3.org/2001/XMLSchema-instance" xsi:noNamespaceSchemaLocation="https://maven.apache.org/surefire/maven-surefire-plugin/xsd/surefire-test-report.xsd" name="org.cloudguard.crypto.RSAEncryptUtilTest" time="1.327" tests="1" errors="0" skipped="0" failures="0">
  <properties>
    <property name="sun.desktop" value="windows"/>
    <property name="awt.toolkit" value="sun.awt.windows.WToolkit"/>
    <property name="file.encoding.pkg" value="sun.io"/>
    <property name="java.specification.version" value="1.8"/>
    <property name="sun.cpu.isalist" value="amd64"/>
    <property name="sun.jnu.encoding" value="Cp1252"/>
    <property name="java.class.path" value="E:\homework\cryptomessage\crypto\target\test-classes;E:\homework\cryptomessage\crypto\target\classes;E:\homework\cryptomessage\commons\target\commons-1.0-SNAPSHOT.jar;C:\Users\3up\.m2\repository\com\intellij\forms_rt\6.0.5\forms_rt-6.0.5.jar;C:\Users\3up\.m2\repository\asm\asm-commons\2.2.3\asm-commons-2.2.3.jar;C:\Users\3up\.m2\repository\asm\asm-tree\2.2.3\asm-tree-2.2.3.jar;C:\Users\3up\.m2\repository\asm\asm\2.2.3\asm-2.2.3.jar;C:\Users\3up\.m2\repository\com\jgoodies\forms\1.0.7\forms-1.0.7.jar;C:\Users\3up\.m2\repository\jdom\jdom\1.0\jdom-1.0.jar;C:\Users\3up\.m2\repository\org\bouncycastle\bcmail-jdk15on\1.61\bcmail-jdk15on-1.61.jar;C:\Users\3up\.m2\repository\org\bouncycastle\bcprov-jdk15on\1.61\bcprov-jdk15on-1.61.jar;C:\Users\3up\.m2\repository\org\bouncycastle\bcpkix-jdk15on\1.61\bcpkix-jdk15on-1.61.jar;C:\Users\3up\.m2\repository\log4j\log4j\1.2.17\log4j-1.2.17.jar;C:\Users\3up\.m2\repository\mysql\mysql-connector-java\8.0.15\mysql-connector-java-8.0.15.jar;C:\Users\3up\.m2\repository\com\google\protobuf\protobuf-java\3.6.1\protobuf-java-3.6.1.jar;C:\Users\3up\.m2\repository\commons-codec\commons-codec\1.9\commons-codec-1.9.jar;C:\Users\3up\.m2\repository\org\junit\jupiter\junit-jupiter-engine\5.3.1\junit-jupiter-engine-5.3.1.jar;C:\Users\3up\.m2\repository\org\apiguardian\apiguardian-api\1.0.0\apiguardian-api-1.0.0.jar;C:\Users\3up\.m2\repository\org\junit\platform\junit-platform-engine\1.3.1\junit-platform-engine-1.3.1.jar;C:\Users\3up\.m2\repository\org\junit\platform\junit-platform-commons\1.3.1\junit-platform-commons-1.3.1.jar;C:\Users\3up\.m2\repository\org\opentest4j\opentest4j\1.1.1\opentest4j-1.1.1.jar;C:\Users\3up\.m2\repository\org\junit\jupiter\junit-jupiter-api\5.3.1\junit-jupiter-api-5.3.1.jar;C:\Users\3up\.m2\repository\commons-io\commons-io\1.3.2\commons-io-1.3.2.jar;C:\Users\3up\.m2\repository\commons-cli\commons-cli\1.4\commons-cli-1.4.jar;C:\Users\3up\.m2\repository\com\google\code\gson\gson\2.8.5\gson-2.8.5.jar;C:\Users\3up\.m2\repository\org\zeromq\jeromq\0.5.1\jeromq-0.5.1.jar;C:\Users\3up\.m2\repository\eu\neilalexander\jnacl\1.0.0\jnacl-1.0.0.jar;"/>
    <property name="java.vm.vendor" value="Oracle Corporation"/>
    <property name="sun.arch.data.model" value="64"/>
    <property name="user.variant" value=""/>
    <property name="java.vendor.url" value="http://java.oracle.com/"/>
    <property name="user.timezone" value="America/Los_Angeles"/>
    <property name="java.vm.specification.version" value="1.8"/>
    <property name="os.name" value="Windows 10"/>
    <property name="user.country" value="US"/>
    <property name="sun.java.launcher" value="SUN_STANDARD"/>
    <property name="sun.boot.library.path" value="C:\programmingtools\jdk1.8.0_151\jre\bin"/>
    <property name="sun.java.command" value="C:\Users\3up\AppData\Local\Temp\surefire8213100213813199171\surefirebooter4586034374254007358.jar C:\Users\3up\AppData\Local\Temp\surefire8213100213813199171 2019-06-11T22-58-49_920-jvmRun1 surefire2425435713784075175tmp surefire_17843765125307202965tmp"/>
    <property name="surefire.test.class.path" value="E:\homework\cryptomessage\crypto\target\test-classes;E:\homework\cryptomessage\crypto\target\classes;E:\homework\cryptomessage\commons\target\commons-1.0-SNAPSHOT.jar;C:\Users\3up\.m2\repository\com\intellij\forms_rt\6.0.5\forms_rt-6.0.5.jar;C:\Users\3up\.m2\repository\asm\asm-commons\2.2.3\asm-commons-2.2.3.jar;C:\Users\3up\.m2\repository\asm\asm-tree\2.2.3\asm-tree-2.2.3.jar;C:\Users\3up\.m2\repository\asm\asm\2.2.3\asm-2.2.3.jar;C:\Users\3up\.m2\repository\com\jgoodies\forms\1.0.7\forms-1.0.7.jar;C:\Users\3up\.m2\repository\jdom\jdom\1.0\jdom-1.0.jar;C:\Users\3up\.m2\repository\org\bouncycastle\bcmail-jdk15on\1.61\bcmail-jdk15on-1.61.jar;C:\Users\3up\.m2\repository\org\bouncycastle\bcprov-jdk15on\1.61\bcprov-jdk15on-1.61.jar;C:\Users\3up\.m2\repository\org\bouncycastle\bcpkix-jdk15on\1.61\bcpkix-jdk15on-1.61.jar;C:\Users\3up\.m2\repository\log4j\log4j\1.2.17\log4j-1.2.17.jar;C:\Users\3up\.m2\repository\mysql\mysql-connector-java\8.0.15\mysql-connector-java-8.0.15.jar;C:\Users\3up\.m2\repository\com\google\protobuf\protobuf-java\3.6.1\protobuf-java-3.6.1.jar;C:\Users\3up\.m2\repository\commons-codec\commons-codec\1.9\commons-codec-1.9.jar;C:\Users\3up\.m2\repository\org\junit\jupiter\junit-jupiter-engine\5.3.1\junit-jupiter-engine-5.3.1.jar;C:\Users\3up\.m2\repository\org\apiguardian\apiguardian-api\1.0.0\apiguardian-api-1.0.0.jar;C:\Users\3up\.m2\repository\org\junit\platform\junit-platform-engine\1.3.1\junit-platform-engine-1.3.1.jar;C:\Users\3up\.m2\repository\org\junit\platform\junit-platform-commons\1.3.1\junit-platform-commons-1.3.1.jar;C:\Users\3up\.m2\repository\org\opentest4j\opentest4j\1.1.1\opentest4j-1.1.1.jar;C:\Users\3up\.m2\repository\org\junit\jupiter\junit-jupiter-api\5.3.1\junit-jupiter-api-5.3.1.jar;C:\Users\3up\.m2\repository\commons-io\commons-io\1.3.2\commons-io-1.3.2.jar;C:\Users\3up\.m2\repository\commons-cli\commons-cli\1.4\commons-cli-1.4.jar;C:\Users\3up\.m2\repository\com\google\code\gson\gson\2.8.5\gson-2.8.5.jar;C:\Users\3up\.m2\repository\org\zeromq\jeromq\0.5.1\jeromq-0.5.1.jar;C:\Users\3up\.m2\repository\eu\neilalexander\jnacl\1.0.0\jnacl-1.0.0.jar;"/>
    <property name="sun.cpu.endian" value="little"/>
    <property name="user.home" value="C:\Users\3up"/>
    <property name="user.language" value="en"/>
    <property name="java.specification.vendor" value="Oracle Corporation"/>
    <property name="java.home" value="C:\programmingtools\jdk1.8.0_151\jre"/>
    <property name="basedir" value="E:\homework\cryptomessage\crypto"/>
    <property name="file.separator" value="\"/>
    <property name="line.separator" value="&#10;"/>
    <property name="java.vm.specification.vendor" value="Oracle Corporation"/>
    <property name="java.specification.name" value="Java Platform API Specification"/>
    <property name="java.awt.graphicsenv" value="sun.awt.Win32GraphicsEnvironment"/>
    <property name="surefire.real.class.path" value="C:\Users\3up\AppData\Local\Temp\surefire8213100213813199171\surefirebooter4586034374254007358.jar"/>
    <property name="sun.boot.class.path" value="C:\programmingtools\jdk1.8.0_151\jre\lib\resources.jar;C:\programmingtools\jdk1.8.0_151\jre\lib\rt.jar;C:\programmingtools\jdk1.8.0_151\jre\lib\sunrsasign.jar;C:\programmingtools\jdk1.8.0_151\jre\lib\jsse.jar;C:\programmingtools\jdk1.8.0_151\jre\lib\jce.jar;C:\programmingtools\jdk1.8.0_151\jre\lib\charsets.jar;C:\programmingtools\jdk1.8.0_151\jre\lib\jfr.jar;C:\programmingtools\jdk1.8.0_151\jre\classes"/>
    <property name="user.script" value=""/>
    <property name="sun.management.compiler" value="HotSpot 64-Bit Tiered Compilers"/>
    <property name="java.runtime.version" value="1.8.0_151-b12"/>
    <property name="user.name" value="3up"/>
    <property name="path.separator" value=";"/>
    <property name="os.version" value="10.0"/>
    <property name="java.endorsed.dirs" value="C:\programmingtools\jdk1.8.0_151\jre\lib\endorsed"/>
    <property name="java.runtime.name" value="Java(TM) SE Runtime Environment"/>
    <property name="file.encoding" value="Cp1252"/>
    <property name="java.vm.name" value="Java HotSpot(TM) 64-Bit Server VM"/>
    <property name="localRepository" value="C:\Users\3up\.m2\repository"/>
    <property name="java.vendor.url.bug" value="http://bugreport.sun.com/bugreport/"/>
    <property name="java.io.tmpdir" value="C:\Users\3up\AppData\Local\Temp\"/>
    <property name="java.version" value="1.8.0_151"/>
    <property name="user.dir" value="E:\homework\cryptomessage\crypto"/>
    <property name="os.arch" value="amd64"/>
    <property name="java.vm.specification.name" value="Java Virtual Machine Specification"/>
    <property name="java.awt.printerjob" value="sun.awt.windows.WPrinterJob"/>
    <property name="sun.os.patch.level" value=""/>
    <property name="java.library.path" value="C:\programmingtools\jdk1.8.0_151\jre\bin;C:\WINDOWS\Sun\Java\bin;C:\WINDOWS\system32;C:\WINDOWS;C:\Program Files (x86)\Common Files\Oracle\Java\javapath;C:\Python27\;C:\Python27\Scripts;C:\Python\Scripts\;C:\Python\;C:\Python3\Scripts\;C:\Python3\;C:\Program Files\NVIDIA GPU Computing Toolkit\CUDA\v8.0\bin;C:\Program Files\NVIDIA GPU Computing Toolkit\CUDA\v8.0\libnvvp;C:\ProgramData\Oracle\Java\javapath;C:\WINDOWS\system32;C:\WINDOWS;C:\WINDOWS\System32\Wbem;C:\WINDOWS\System32\WindowsPowerShell\v1.0\;C:\Program Files (x86)\ATI Technologies\ATI.ACE\Core-Static;C:\Program Files\dotnet\;C:\Users\3up\.dnx\bin;C:\Program Files\Microsoft DNX\Dnvm\;C:\Program Files\Microsoft SQL Server\130\Tools\Binn\;C:\Program Files (x86)\GtkSharp\2.12\bin;C:\Program Files\MiKTeX 2.9\miktex\bin\x64\;C:\Program Files (x86)\dotnet\;C:\Program Files (x86)\Microsoft SQL Server\Client SDK\ODBC\130\Tools\Binn\;C:\Program Files (x86)\Microsoft SQL Server\140\Tools\Binn\;C:\Program Files (x86)\Microsoft SQL Server\140\DTS\Binn\;C:\Program Files (x86)\Microsoft SQL Server\140\Tools\Binn\ManagementStudio\;C:\Program Files (x86)\scala\bin;C:\WINDOWS\System32\OpenSSH\;E:\programfiles\Microsoft VS Code\bin;C:\Program Files\Git\cmd;C:\Program Files\NVIDIA Corporation\NVIDIA NvDLISR;C:\Program Files (x86)\NVIDIA Corporation\PhysX\Common;C:\WINDOWS\system32;C:\WINDOWS;C:\WINDOWS\System32\Wbem;C:\WINDOWS\System32\WindowsPowerShell\v1.0\;C:\WINDOWS\System32\OpenSSH\;C:\Program Files (x86)\Windows Kits\10\Windows Performance Toolkit\;C:\ProgramData\chocolatey\bin;C:\Program Files\nodejs\;C:\Program Files\apache-maven-3.6.1\bin;C:\Program Files (x86)\Yarn\bin\;C:\Users\3up\.windows-build-tools\python27\;C:\Program Files\nodejs\node_modules\npm\node_modules\npm-lifecycle\node-gyp-bin;C:\Users\3up\AppData\Roaming\npm\node_modules\windows-build-tools\node_modules\.bin;C:\Users\3up\AppData\Roaming\npm\node_modules\.bin;C:\Python\Scripts\;C:\Python\;C:\Python3\Scripts\;C:\Python3\;C:\Program Files\NVIDIA GPU Computing Toolkit\CUDA\v8.0\bin;C:\Program Files\NVIDIA GPU Computing Toolkit\CUDA\v8.0\libnvvp;C:\ProgramData\Oracle\Java\javapath;C:\WINDOWS\system32;C:\WINDOWS;C:\WINDOWS\System32\Wbem;C:\WINDOWS\System32\WindowsPowerShell\v1.0\;C:\Program Files (x86)\ATI Technologies\ATI.ACE\Core-Static;C:\Program Files\dotnet\;C:\Users\3up\.dnx\bin;C:\Program Files\Microsoft DNX\Dnvm\;C:\Program Files\Microsoft SQL Server\130\Tools\Binn\;C:\Program Files (x86)\GtkSharp\2.12\bin;C:\Program Files\MiKTeX 2.9\miktex\bin\x64\;C:\Program Files (x86)\dotnet\;C:\Program Files (x86)\Microsoft SQL Server\Client SDK\ODBC\130\Tools\Binn\;C:\Program Files (x86)\Microsoft SQL Server\140\Tools\Binn\;C:\Program Files (x86)\Microsoft SQL Server\140\DTS\Binn\;C:\Program Files (x86)\Microsoft SQL Server\140\Tools\Binn\ManagementStudio\;C:\Program Files (x86)\scala\bin;C:\Program Files\nodejs\;C:\WINDOWS\System32\OpenSSH\;E:\programfiles\Microsoft VS Code\bin;C:\Program Files\Git\cmd;C:\Program Files\NVIDIA Corporation\NVIDIA NvDLISR;C:\Program Files (x86)\NVIDIA Corporation\PhysX\Common;C:\WINDOWS\system32;C:\WINDOWS;C:\WINDOWS\System32\Wbem;C:\WINDOWS\System32\WindowsPowerShell\v1.0\;C:\WINDOWS\System32\OpenSSH\;C:\Program Files (x86)\Windows Kits\10\Windows Performance Toolkit\;C:\Users\3up\AppData\Local\Microsoft\WindowsApps;C:\NVIDIA\cuda\bin;c:\Python27\Scripts;C:\programmingtools\jdk1.8.0_151\bin;C:\programmingtools\scala\bin;C:\programmingtools\spark-2.2.0-bin-hadoop2.7\bin;C:\programmingtools\winutils\bin;C:\Users\3up\AppData\Local\Microsoft\WindowsApps;C:\Users\3up\.dotnet\tools;C:\Users\3up\AppData\Roaming\npm;C:\Program Files\JetBrains\IntelliJ IDEA 2019.1.2\bin;;C:\Users\3up\AppData\Local\Yarn\bin;."/>
    <property name="java.vm.info" value="mixed mode"/>
    <property name="java.vendor" value="Oracle Corporation"/>
    <property name="java.vm.version" value="25.151-b12"/>
    <property name="java.ext.dirs" value="C:\programmingtools\jdk1.8.0_151\jre\lib\ext;C:\WINDOWS\Sun\Java\lib\ext"/>
    <property name="sun.io.unicode.encoding" value="UnicodeLittle"/>
    <property name="java.class.version" value="52.0"/>
  </properties>
  <testcase name="signVerifyTest" classname="org.cloudguard.crypto.RSAEncryptUtilTest" time="0.083"/>
</testsuite>